<?xml version="1.0" encoding="UTF-8"?>
<testng-results ignored="0" total="1" passed="1" failed="0" skipped="0">
  <reporter-output>
  </reporter-output>
  <suite started-at="2023-11-25T10:57:22 IST" name="Default suite" finished-at="2023-11-25T10:57:41 IST" duration-ms="18658">
    <groups>
    </groups>
    <test started-at="2023-11-25T10:57:22 IST" name="Default test" finished-at="2023-11-25T10:57:41 IST" duration-ms="18658">
      <class name="testpkg.JustWatchesRegTest">
        <test-method is-config="true" signature="setup()[pri:0, instance:testpkg.JustWatchesRegTest@1ed4ae0f]" started-at="2023-11-25T10:57:22 IST" name="setup" finished-at="2023-11-25T10:57:30 IST" duration-ms="8324" status="PASS">
          <reporter-output>
          </reporter-output>
        </test-method> <!-- setup -->
        <test-method signature="Registration()[pri:0, instance:testpkg.JustWatchesRegTest@1ed4ae0f]" started-at="2023-11-25T10:57:30 IST" name="Registration" finished-at="2023-11-25T10:57:41 IST" duration-ms="10252" status="PASS">
          <reporter-output>
          </reporter-output>
        </test-method> <!-- Registration -->
      </class> <!-- testpkg.JustWatchesRegTest -->
    </test> <!-- Default test -->
  </suite> <!-- Default suite -->
</testng-results>
